<?xml version="1.0" encoding="UTF-8"?>
<!-- Generated by org.testng.reporters.JUnitReportReporter -->
<testsuite hostname="DESKTOP-2OQJCLO" failures="0" tests="3" name="tests.AdminTest2" time="31.597" errors="0" timestamp="2025-09-03T11:45:23 MST" skipped="1">
  <testcase classname="tests.AdminTest2" name="createAdminUser" time="25.478">
    <system-out>
      <![CDATA[//span[text()='Admin'] tab clicked successfully.
Clicked Add button
Opened User Role dropdown
Selected Admin role
Selected Employee from suggestions: T
Opened Status dropdown
Selected Enabled status
Entered Username: Useraky6g
Entered Password
Entered Confirm Password
Clicked Save]]>
    </system-out>
  </testcase> <!-- createAdminUser -->
  <testcase classname="tests.AdminTest2" name="searchUserFunctionality" time="6.119">
    <system-out>
      <![CDATA[//span[text()='Admin'] tab clicked successfully.
Entered Username in search field: Useraky6g
Clicked on Search button]]>
    </system-out>
  </testcase> <!-- searchUserFunctionality -->
  <testcase classname="tests.AdminTest2" name="updateUserFunctionality">
    <skipped/>
  </testcase> <!-- updateUserFunctionality -->
  <system-out>
    <![CDATA[//span[text()='Admin'] tab clicked successfully.
Clicked Add button
Opened User Role dropdown
Selected Admin role
Selected Employee from suggestions: T
Opened Status dropdown
Selected Enabled status
Entered Username: Useraky6g
Entered Password
Entered Confirm Password
Clicked Save
//span[text()='Admin'] tab clicked successfully.
Entered Username in search field: Useraky6g
Clicked on Search button]]>
  </system-out>
</testsuite> <!-- tests.AdminTest2 -->
