<?xml version="1.0" encoding="UTF-8"?>
<!-- Generated by org.testng.reporters.JUnitReportReporter -->
<testsuite hostname="DESKTOP-2OQJCLO" failures="0" tests="3" name="tests.AdminTest2" time="52.781" errors="0" timestamp="2025-08-31T15:44:28 MST" skipped="0">
  <testcase classname="tests.AdminTest2" name="createAdminUser" time="34.585">
    <system-out>
      <![CDATA[//span[text()='Admin'] tab clicked successfully.
Clicked Add button
Opened User Role dropdown
Selected Admin role
Entered Employee: T
Opened Status dropdown
Selected Enabled status
Entered Username: UserubE9F
Entered Password
Entered Confirm Password
Clicked Save]]>
    </system-out>
  </testcase> <!-- createAdminUser -->
  <testcase classname="tests.AdminTest2" name="searchUserFunctionality" time="5.950">
    <system-out>
      <![CDATA[Entered Username in search field
Clicked on Search button]]>
    </system-out>
  </testcase> <!-- searchUserFunctionality -->
  <testcase classname="tests.AdminTest2" name="updateUserFunctionality" time="12.246">
    <system-out>
      <![CDATA[Clicked on Edit button
Updated Username to: UserubE9F
Clicked on Save button after update]]>
    </system-out>
  </testcase> <!-- updateUserFunctionality -->
  <system-out>
    <![CDATA[//span[text()='Admin'] tab clicked successfully.
Clicked Add button
Opened User Role dropdown
Selected Admin role
Entered Employee: T
Opened Status dropdown
Selected Enabled status
Entered Username: UserubE9F
Entered Password
Entered Confirm Password
Clicked Save
Entered Username in search field
Clicked on Search button
Clicked on Edit button
Updated Username to: UserubE9F
Clicked on Save button after update]]>
  </system-out>
</testsuite> <!-- tests.AdminTest2 -->
